<?xml version="1.0" encoding="UTF-8"?>
<testng-results skipped="0" failed="0" ignored="0" total="1" passed="1">
  <reporter-output>
  </reporter-output>
  <suite name="Default suite" duration-ms="90624" started-at="2019-09-01T09:52:51Z" finished-at="2019-09-01T09:54:21Z">
    <groups>
    </groups>
    <test name="Default test" duration-ms="90624" started-at="2019-09-01T09:52:51Z" finished-at="2019-09-01T09:54:21Z">
      <class name="MyntraCode">
        <test-method status="PASS" signature="setUp()[pri:0, instance:MyntraCode@87f383f]" name="setUp" is-config="true" duration-ms="61907" started-at="2019-09-01T09:52:51Z" finished-at="2019-09-01T09:53:53Z">
          <reporter-output>
          </reporter-output>
        </test-method> <!-- setUp -->
        <test-method status="PASS" signature="searchTest()[pri:0, instance:MyntraCode@87f383f]" name="searchTest" duration-ms="11200" started-at="2019-09-01T09:53:53Z" finished-at="2019-09-01T09:54:04Z">
          <reporter-output>
          </reporter-output>
        </test-method> <!-- searchTest -->
        <test-method status="PASS" signature="tearDown()[pri:0, instance:MyntraCode@87f383f]" name="tearDown" is-config="true" duration-ms="17444" started-at="2019-09-01T09:54:04Z" finished-at="2019-09-01T09:54:21Z">
          <reporter-output>
          </reporter-output>
        </test-method> <!-- tearDown -->
      </class> <!-- MyntraCode -->
    </test> <!-- Default test -->
  </suite> <!-- Default suite -->
</testng-results>
